[main 74b7fc786] Auto-sync: 2025-06-24 10:17:59
 1 file changed, 0 insertions(+), 0 deletions(-)
 create mode 100644 src/nohup.out
To https://github.com/DsThakurRawat/DsThakurRawat-AIML-IN-PRODUCTION-1-Texti.git
 ! [remote rejected]     main -> main (cannot lock ref 'refs/heads/main': is at c3243c42888d989219642f3efe773ccd79ef8bdf but expected c8fce0863be7c64dda2847f2a6cc72e798fe4ae9)
error: failed to push some refs to 'https://github.com/DsThakurRawat/DsThakurRawat-AIML-IN-PRODUCTION-1-Texti.git'
fatal: Unable to create '/home/divyansh-rawat/.git/index.lock': File exists.

Another git process seems to be running in this repository, e.g.
an editor opened by 'git commit'. Please make sure all processes
are terminated then try again. If it still fails, a git process
may have crashed in this repository earlier:
remove the file manually to continue.
[main a4598fca1] Auto-sync: 2025-06-24 10:18:11
 1 file changed, 7 insertions(+)
To https://github.com/DsThakurRawat/DsThakurRawat-AIML-IN-PRODUCTION-1-Texti.git
   6879a81b5..a4598fca1  main -> main
fatal: Unable to create '/home/divyansh-rawat/.git/index.lock': File exists.

Another git process seems to be running in this repository, e.g.
an editor opened by 'git commit'. Please make sure all processes
are terminated then try again. If it still fails, a git process
may have crashed in this repository earlier:
remove the file manually to continue.
